nov. 01, 2023 8:09:19 A. M. Model.Agencia <init>
INFO: Se creó una nueva instancia
nov. 01, 2023 8:11:04 A. M. Model.Agencia <init>
INFO: Se creó una nueva instancia
nov. 01, 2023 8:12:27 A. M. Model.Agencia <init>
INFO: Se creó una nueva instancia
nov. 01, 2023 8:14:45 A. M. Model.Agencia <init>
INFO: Se creó una nueva instancia
nov. 01, 2023 6:42:51 P. M. Model.Agencia <init>
INFO: Se creó una nueva instancia
nov. 01, 2023 6:45:26 P. M. Model.Agencia <init>
INFO: Se creó una nueva instancia
nov. 01, 2023 6:46:00 P. M. Model.Agencia <init>
INFO: Se creó una nueva instancia
nov. 01, 2023 6:47:16 P. M. Model.Agencia <init>
INFO: Se creó una nueva instancia
nov. 01, 2023 6:48:38 P. M. Model.Agencia <init>
INFO: Se creó una nueva instancia
nov. 01, 2023 6:51:51 P. M. Model.Agencia <init>
INFO: Se creó una nueva instancia
nov. 01, 2023 6:53:05 P. M. Model.Agencia <init>
INFO: Se creó una nueva instancia
nov. 01, 2023 7:34:33 P. M. Model.Agencia <init>
INFO: Se creó una nueva instancia
nov. 01, 2023 7:34:55 P. M. Model.Agencia <init>
INFO: Se creó una nueva instancia
nov. 01, 2023 7:48:14 P. M. Model.Agencia <init>
INFO: Se creó una nueva instancia
nov. 02, 2023 8:50:12 P. M. Model.Agencia <init>
INFO: Se creó una nueva instancia
nov. 02, 2023 11:25:15 P. M. Model.Agencia <init>
INFORMACIÓN: Se creó una nueva instancia
nov. 02, 2023 11:25:31 P. M. Model.Agencia <init>
INFORMACIÓN: Se creó una nueva instancia
nov. 02, 2023 11:27:41 P. M. Model.Agencia <init>
INFORMACIÓN: Se creó una nueva instancia
nov. 02, 2023 11:29:20 P. M. Model.Agencia <init>
INFORMACIÓN: Se creó una nueva instancia
nov. 02, 2023 11:31:26 P. M. Model.Agencia <init>
INFORMACIÓN: Se creó una nueva instancia
nov. 02, 2023 11:32:52 P. M. Model.Agencia <init>
INFORMACIÓN: Se creó una nueva instancia
nov. 02, 2023 11:35:57 P. M. Model.Agencia <init>
INFORMACIÓN: Se creó una nueva instancia
nov. 02, 2023 11:41:13 P. M. Model.Agencia <init>
INFORMACIÓN: Se creó una nueva instancia
nov. 02, 2023 11:41:56 P. M. Model.Agencia <init>
INFORMACIÓN: Se creó una nueva instancia
nov. 02, 2023 11:44:49 P. M. Model.Agencia <init>
INFORMACIÓN: Se creó una nueva instancia
nov. 02, 2023 11:44:58 P. M. Model.Agencia <init>
INFORMACIÓN: Se creó una nueva instancia
nov. 02, 2023 11:54:52 P. M. Model.Agencia <init>
INFORMACIÓN: Se creó una nueva instancia
nov. 02, 2023 11:56:05 P. M. Model.Agencia <init>
INFORMACIÓN: Se creó una nueva instancia
nov. 03, 2023 12:01:05 A. M. Model.Agencia <init>
INFORMACIÓN: Se creó una nueva instancia
nov. 03, 2023 12:02:53 A. M. Model.Agencia <init>
INFORMACIÓN: Se creó una nueva instancia
nov. 03, 2023 12:07:20 A. M. Model.Agencia <init>
INFORMACIÓN: Se creó una nueva instancia
nov. 03, 2023 12:09:39 A. M. Model.Agencia <init>
INFORMACIÓN: Se creó una nueva instancia
nov. 03, 2023 12:16:11 A. M. Model.Agencia <init>
INFORMACIÓN: Se creó una nueva instancia
nov. 03, 2023 12:21:39 A. M. Model.Agencia <init>
INFORMACIÓN: Se creó una nueva instancia
nov. 03, 2023 12:21:57 A. M. Model.Agencia <init>
INFORMACIÓN: Se creó una nueva instancia
nov. 03, 2023 12:22:21 A. M. Model.Agencia <init>
INFORMACIÓN: Se creó una nueva instancia
nov. 03, 2023 12:22:29 A. M. Model.Agencia <init>
INFORMACIÓN: Se creó una nueva instancia
nov. 03, 2023 12:22:43 A. M. Model.Agencia <init>
INFORMACIÓN: Se creó una nueva instancia
nov. 03, 2023 12:23:56 A. M. Model.Agencia <init>
INFORMACIÓN: Se creó una nueva instancia
nov. 03, 2023 12:24:17 A. M. Model.Agencia <init>
INFORMACIÓN: Se creó una nueva instancia
nov. 03, 2023 12:28:11 A. M. Model.Agencia <init>
INFORMACIÓN: Se creó una nueva instancia
nov. 03, 2023 12:28:46 A. M. Model.Agencia <init>
INFORMACIÓN: Se creó una nueva instancia
nov. 03, 2023 5:07:05 P. M. Model.Agencia <init>
INFO: Se creó una nueva instancia
nov. 04, 2023 8:32:52 P. M. Model.Agencia <init>
INFO: Se creó una nueva instancia
nov. 04, 2023 8:33:29 P. M. Model.Agencia <init>
INFO: Se creó una nueva instancia
nov. 04, 2023 8:35:30 P. M. Model.Agencia <init>
INFO: Se creó una nueva instancia
nov. 04, 2023 9:45:08 P. M. Model.Agencia <init>
INFO: Se creó una nueva instancia
nov. 04, 2023 9:52:31 P. M. Model.Agencia <init>
INFO: Se creó una nueva instancia
nov. 04, 2023 10:11:04 P. M. Model.Agencia <init>
INFO: Se creó una nueva instancia
nov. 04, 2023 10:13:20 P. M. Model.Agencia <init>
INFO: Se creó una nueva instancia
nov. 04, 2023 10:41:56 P. M. Model.Agencia <init>
INFO: Se creó una nueva instancia
nov. 07, 2023 7:06:46 P. M. Model.Agencia <init>
INFO: Se creó una nueva instancia
nov. 07, 2023 7:22:32 P. M. Model.Agencia <init>
INFO: Se creó una nueva instancia
nov. 07, 2023 7:23:50 P. M. Model.Agencia <init>
INFO: Se creó una nueva instancia
nov. 07, 2023 8:22:56 P. M. Model.Agencia <init>
INFO: Se creó una nueva instancia
nov. 07, 2023 8:23:49 P. M. Model.Agencia <init>
INFO: Se creó una nueva instancia
nov. 07, 2023 8:24:54 P. M. Model.Agencia <init>
INFO: Se creó una nueva instancia
nov. 07, 2023 8:25:15 P. M. Model.Agencia <init>
INFO: Se creó una nueva instancia
nov. 07, 2023 9:20:32 P. M. Model.Agencia <init>
INFO: Se creó una nueva instancia
nov. 07, 2023 9:22:01 P. M. Model.Agencia <init>
INFO: Se creó una nueva instancia
nov. 08, 2023 6:59:18 A. M. Model.Agencia <init>
INFO: Se creó una nueva instancia
nov. 08, 2023 7:21:55 A. M. Model.Agencia <init>
INFO: Se creó una nueva instancia
nov. 08, 2023 7:25:39 A. M. Model.Agencia <init>
INFO: Se creó una nueva instancia
nov. 08, 2023 7:33:11 A. M. Model.Agencia <init>
INFO: Se creó una nueva instancia
nov. 08, 2023 7:38:07 A. M. Model.Agencia <init>
INFO: Se creó una nueva instancia
nov. 08, 2023 7:49:22 A. M. Model.Agencia <init>
INFO: Se creó una nueva instancia
nov. 08, 2023 8:01:57 A. M. Model.Agencia <init>
INFO: Se creó una nueva instancia
nov. 08, 2023 8:03:40 A. M. Model.Agencia crearDestino
WARNING: Model.Destino
nov. 08, 2023 8:03:40 A. M. Controller.GestionarDestinosAdminController registrarDestino
INFO: Se registró un destino
